This is pdfTeXk, Version 3.141592-1.40.3 (Web2C 7.5.6) (format=pdftex 2007.5.18)  5 APR 2013 12:34
entering extended mode
 %&-line parsing enabled.
**dirsort.tex
(./dirsort.tex (/usr/local/texlive/2007/texmf-dist/tex/plain/cweb/cwebmac.tex
(/usr/local/texlive/2007/texmf-dist/tex/plain/misc/pdfcolor.tex)
\PPbox=\box16
\MMbox=\box17
\MGbox=\box18
\MODbox=\box19
\bak=\box20
\bakk=\box21
\ind=\count26
\gdepth=\count27
\secpagedepth=\count28
\gtitle=\toks12
\intersecskip=\skip18
\toksA=\toks13
\toksB=\toks14
\toksC=\toks15
\toksD=\toks16
\toksE=\toks17
\toksF=\toks18
\usersanitizer=\toks19
\countA=\count29
\countB=\count30
\countC=\count31
\pagewidth=\dimen16
\pageheight=\dimen17
\fullpageheight=\dimen18
\pageshift=\dimen19
\cont=\write0
\sbox=\box22
\lbox=\box23
\twodigits=\count32
)
(/usr/local/texlive/2007/texmf-dist/tex/generic/dvips/epsf.tex
This is `epsf.tex' v2.7k <10 July 1997>
\epsffilein=\read0
\epsfframemargin=\dimen20
\epsfframethickness=\dimen21
\epsfrsize=\dimen22
\epsftmp=\dimen23
\epsftsize=\dimen24
\epsfxsize=\dimen25
\epsfysize=\dimen26
\pspoints=\dimen27
\epsfnoopenhelp=\toks20
) *1 [1{/usr/local/texlive/2007/texmf-var/fonts/map/pdftex/updmap/pdftex.map}
\openout0 = `dirsort.toc'.

]
[2] [3] [4] [5] [6] [7] *21 Index: (./dirsort.idx) [8] Section names:
(./dirsort.toc) (./dirsort.scn) [9] Table of contents: (./dirsort.toc) [0] )</u
sr/local/texlive/2007/texmf-dist/fonts/type1/bluesky/cm/cmbx10.pfb></usr/local/
texlive/2007/texmf-dist/fonts/type1/bluesky/cm/cmmi10.pfb></usr/local/texlive/2
007/texmf-dist/fonts/type1/bluesky/cm/cmr10.pfb></usr/local/texlive/2007/texmf-
dist/fonts/type1/bluesky/cm/cmr7.pfb></usr/local/texlive/2007/texmf-dist/fonts/
type1/bluesky/cm/cmr8.pfb></usr/local/texlive/2007/texmf-dist/fonts/type1/blues
ky/cm/cmsl10.pfb></usr/local/texlive/2007/texmf-dist/fonts/type1/bluesky/cm/cms
y10.pfb></usr/local/texlive/2007/texmf-dist/fonts/type1/bluesky/cm/cmsy7.pfb></
usr/local/texlive/2007/texmf-dist/fonts/type1/bluesky/cm/cmtex10.pfb></usr/loca
l/texlive/2007/texmf-dist/fonts/type1/bluesky/cm/cmti10.pfb></usr/local/texlive
/2007/texmf-dist/fonts/type1/bluesky/cm/cmtt10.pfb>
Output written on dirsort.pdf (10 pages, 162385 bytes).
PDF statistics:
 393 PDF objects out of 1000 (max. 8388607)
 1 named destinations out of 1000 (max. 131072)
 105 words of extra memory for PDF output out of 10000 (max. 10000000)

